{"/home/joel/Projects/express-validator/src/middleware.ts": {"path":"/home/joel/Projects/express-validator/src/middleware.ts","statementMap":{"0":{"start":{"line":1,"column":0},"end":{"line":1,"column":null}},"1":{"start":{"line":9,"column":0},"end":{"line":9,"column":28}},"2":{"start":{"line":10,"column":0},"end":{"line":10,"column":56}},"3":{"start":{"line":11,"column":0},"end":{"line":11,"column":54}},"4":{"start":{"line":12,"column":0},"end":{"line":12,"column":56}},"5":{"start":{"line":13,"column":0},"end":{"line":13,"column":46}},"6":{"start":{"line":14,"column":0},"end":{"line":14,"column":46}},"7":{"start":{"line":15,"column":0},"end":{"line":15,"column":48}},"8":{"start":{"line":16,"column":0},"end":{"line":16,"column":50}},"9":{"start":{"line":17,"column":0},"end":{"line":17,"column":52}},"10":{"start":{"line":18,"column":0},"end":{"line":18,"column":52}},"11":{"start":{"line":20,"column":50},"end":{"line":30,"column":null}},"12":{"start":{"line":32,"column":33},"end":{"line":63,"column":1}},"13":{"start":{"line":33,"column":4},"end":{"line":62,"column":null}},"14":{"start":{"line":34,"column":49},"end":{"line":34,"column":51}},"15":{"start":{"line":36,"column":8},"end":{"line":58,"column":null}},"16":{"start":{"line":37,"column":32},"end":{"line":37,"column":63}},"17":{"start":{"line":38,"column":12},"end":{"line":57,"column":null}},"18":{"start":{"line":39,"column":29},"end":{"line":39,"column":72}},"19":{"start":{"line":40,"column":38},"end":{"line":40,"column":56}},"20":{"start":{"line":42,"column":16},"end":{"line":45,"column":null}},"21":{"start":{"line":43,"column":20},"end":{"line":43,"column":null}},"22":{"start":{"line":44,"column":20},"end":{"line":44,"column":28}},"23":{"start":{"line":47,"column":16},"end":{"line":55,"column":null}},"24":{"start":{"line":48,"column":35},"end":{"line":48,"column":73}},"25":{"start":{"line":49,"column":20},"end":{"line":51,"column":null}},"26":{"start":{"line":50,"column":24},"end":{"line":50,"column":29}},"27":{"start":{"line":53,"column":20},"end":{"line":53,"column":null}},"28":{"start":{"line":54,"column":20},"end":{"line":54,"column":25}},"29":{"start":{"line":60,"column":8},"end":{"line":60,"column":null}},"30":{"start":{"line":61,"column":8},"end":{"line":61,"column":null}},"31":{"start":{"line":65,"column":24},"end":{"line":67,"column":1}},"32":{"start":{"line":66,"column":4},"end":{"line":66,"column":null}},"33":{"start":{"line":66,"column":40},"end":{"line":66,"column":78}},"34":{"start":{"line":69,"column":13},"end":{"line":69,"column":null}},"35":{"start":{"line":70,"column":13},"end":{"line":70,"column":null}},"36":{"start":{"line":71,"column":13},"end":{"line":71,"column":null}},"37":{"start":{"line":73,"column":44},"end":{"line":81,"column":1}},"38":{"start":{"line":74,"column":4},"end":{"line":79,"column":null}},"39":{"start":{"line":75,"column":8},"end":{"line":78,"column":null}},"40":{"start":{"line":80,"column":4},"end":{"line":80,"column":null}},"41":{"start":{"line":73,"column":13},"end":{"line":73,"column":44}}},"fnMap":{"0":{"name":"(anonymous_1)","decl":{"start":{"line":32,"column":33},"end":{"line":32,"column":34}},"loc":{"start":{"line":32,"column":90},"end":{"line":63,"column":1}}},"1":{"name":"(anonymous_2)","decl":{"start":{"line":33,"column":11},"end":{"line":33,"column":16}},"loc":{"start":{"line":33,"column":61},"end":{"line":62,"column":5}}},"2":{"name":"(anonymous_3)","decl":{"start":{"line":65,"column":24},"end":{"line":65,"column":25}},"loc":{"start":{"line":65,"column":46},"end":{"line":67,"column":1}}},"3":{"name":"(anonymous_4)","decl":{"start":{"line":66,"column":11},"end":{"line":66,"column":12}},"loc":{"start":{"line":66,"column":40},"end":{"line":66,"column":78}}},"4":{"name":"(anonymous_5)","decl":{"start":{"line":73,"column":44},"end":{"line":73,"column":45}},"loc":{"start":{"line":73,"column":78},"end":{"line":81,"column":1}}}},"branchMap":{"0":{"loc":{"start":{"line":39,"column":56},"end":{"line":39,"column":60}},"type":"cond-expr","locations":[{"start":{"line":39,"column":56},"end":{"line":39,"column":60}},{"start":{"line":39,"column":63},"end":{"line":39,"column":72}}]},"1":{"loc":{"start":{"line":42,"column":16},"end":{"line":45,"column":null}},"type":"if","locations":[{"start":{"line":42,"column":16},"end":{"line":45,"column":null}},{"start":{"line":42,"column":16},"end":{"line":45,"column":null}}]},"2":{"loc":{"start":{"line":49,"column":20},"end":{"line":51,"column":null}},"type":"if","locations":[{"start":{"line":49,"column":20},"end":{"line":51,"column":null}},{"start":{"line":49,"column":20},"end":{"line":51,"column":null}}]},"3":{"loc":{"start":{"line":49,"column":29},"end":{"line":49,"column":31}},"type":"cond-expr","locations":[{"start":{"line":49,"column":29},"end":{"line":49,"column":31}},{"start":{"line":49,"column":23},"end":{"line":49,"column":35}}]},"4":{"loc":{"start":{"line":49,"column":23},"end":{"line":49,"column":31}},"type":"binary-expr","locations":[{"start":{"line":49,"column":23},"end":{"line":49,"column":31}},{"start":{"line":49,"column":23},"end":{"line":49,"column":31}}]},"5":{"loc":{"start":{"line":74,"column":4},"end":{"line":79,"column":null}},"type":"if","locations":[{"start":{"line":74,"column":4},"end":{"line":79,"column":null}},{"start":{"line":74,"column":4},"end":{"line":79,"column":null}}]},"6":{"loc":{"start":{"line":74,"column":7},"end":{"line":74,"column":21}},"type":"binary-expr","locations":[{"start":{"line":74,"column":7},"end":{"line":74,"column":21}},{"start":{"line":74,"column":25},"end":{"line":74,"column":63}}]}},"s":{"0":1,"1":1,"2":1,"3":1,"4":1,"5":1,"6":1,"7":1,"8":1,"9":1,"10":1,"11":1,"12":1,"13":1,"14":1,"15":1,"16":4,"17":4,"18":5,"19":5,"20":5,"21":0,"22":0,"23":5,"24":5,"25":2,"26":1,"27":3,"28":3,"29":1,"30":1,"31":1,"32":3,"33":1,"34":1,"35":1,"36":1,"37":1,"38":0,"39":0,"40":0,"41":1},"f":{"0":1,"1":1,"2":3,"3":1,"4":0},"b":{"0":[5,0],"1":[0,5],"2":[1,1],"3":[1,1],"4":[2,2],"5":[0,0],"6":[0,0]}}
,"/home/joel/Projects/express-validator/src/types.ts": {"path":"/home/joel/Projects/express-validator/src/types.ts","statementMap":{"0":{"start":{"line":6,"column":13},"end":{"line":6,"column":null}},"1":{"start":{"line":9,"column":13},"end":{"line":9,"column":null}},"2":{"start":{"line":12,"column":13},"end":{"line":12,"column":null}},"3":{"start":{"line":15,"column":13},"end":{"line":15,"column":null}},"4":{"start":{"line":18,"column":13},"end":{"line":18,"column":null}},"5":{"start":{"line":21,"column":13},"end":{"line":21,"column":null}},"6":{"start":{"line":24,"column":13},"end":{"line":24,"column":null}},"7":{"start":{"line":27,"column":13},"end":{"line":27,"column":null}},"8":{"start":{"line":30,"column":13},"end":{"line":30,"column":null}}},"fnMap":{},"branchMap":{},"s":{"0":1,"1":1,"2":1,"3":1,"4":1,"5":1,"6":1,"7":1,"8":1},"f":{},"b":{}}
,"/home/joel/Projects/express-validator/src/validators/boolean.ts": {"path":"/home/joel/Projects/express-validator/src/validators/boolean.ts","statementMap":{"0":{"start":{"line":3,"column":23},"end":{"line":3,"column":58}},"1":{"start":{"line":5,"column":22},"end":{"line":5,"column":52}},"2":{"start":{"line":8,"column":20},"end":{"line":8,"column":94}},"3":{"start":{"line":9,"column":4},"end":{"line":11,"column":null}},"4":{"start":{"line":10,"column":8},"end":{"line":10,"column":null}},"5":{"start":{"line":12,"column":4},"end":{"line":12,"column":10}},"6":{"start":{"line":7,"column":0},"end":{"line":7,"column":7}}},"fnMap":{"0":{"name":"booleanValidator","decl":{"start":{"line":7,"column":22},"end":{"line":7,"column":38}},"loc":{"start":{"line":7,"column":81},"end":{"line":13,"column":1}}}},"branchMap":{"0":{"loc":{"start":{"line":8,"column":47},"end":{"line":8,"column":61}},"type":"cond-expr","locations":[{"start":{"line":8,"column":47},"end":{"line":8,"column":61}},{"start":{"line":8,"column":64},"end":{"line":8,"column":94}}]},"1":{"loc":{"start":{"line":8,"column":76},"end":{"line":8,"column":80}},"type":"cond-expr","locations":[{"start":{"line":8,"column":76},"end":{"line":8,"column":80}},{"start":{"line":8,"column":80},"end":{"line":8,"column":94}}]},"2":{"loc":{"start":{"line":8,"column":64},"end":{"line":8,"column":80}},"type":"binary-expr","locations":[{"start":{"line":8,"column":64},"end":{"line":8,"column":80}},{"start":{"line":8,"column":76},"end":{"line":8,"column":80}}]},"3":{"loc":{"start":{"line":9,"column":4},"end":{"line":11,"column":null}},"type":"if","locations":[{"start":{"line":9,"column":4},"end":{"line":11,"column":null}},{"start":{"line":9,"column":4},"end":{"line":11,"column":null}}]}},"s":{"0":1,"1":1,"2":2,"3":2,"4":2,"5":0,"6":1},"f":{"0":2},"b":{"0":[2,0],"1":[0,0],"2":[0,0],"3":[2,0]}}
,"/home/joel/Projects/express-validator/src/validators/date.ts": {"path":"/home/joel/Projects/express-validator/src/validators/date.ts","statementMap":{"0":{"start":{"line":2,"column":0},"end":{"line":2,"column":38}},"1":{"start":{"line":4,"column":23},"end":{"line":4,"column":56}},"2":{"start":{"line":7,"column":20},"end":{"line":7,"column":94}},"3":{"start":{"line":8,"column":4},"end":{"line":10,"column":null}},"4":{"start":{"line":9,"column":8},"end":{"line":9,"column":null}},"5":{"start":{"line":11,"column":4},"end":{"line":11,"column":10}},"6":{"start":{"line":6,"column":0},"end":{"line":6,"column":7}}},"fnMap":{"0":{"name":"dateValidator","decl":{"start":{"line":6,"column":22},"end":{"line":6,"column":35}},"loc":{"start":{"line":6,"column":78},"end":{"line":12,"column":1}}}},"branchMap":{"0":{"loc":{"start":{"line":7,"column":47},"end":{"line":7,"column":61}},"type":"cond-expr","locations":[{"start":{"line":7,"column":47},"end":{"line":7,"column":61}},{"start":{"line":7,"column":64},"end":{"line":7,"column":94}}]},"1":{"loc":{"start":{"line":7,"column":76},"end":{"line":7,"column":80}},"type":"cond-expr","locations":[{"start":{"line":7,"column":76},"end":{"line":7,"column":80}},{"start":{"line":7,"column":80},"end":{"line":7,"column":94}}]},"2":{"loc":{"start":{"line":7,"column":64},"end":{"line":7,"column":80}},"type":"binary-expr","locations":[{"start":{"line":7,"column":64},"end":{"line":7,"column":80}},{"start":{"line":7,"column":76},"end":{"line":7,"column":80}}]},"3":{"loc":{"start":{"line":8,"column":4},"end":{"line":10,"column":null}},"type":"if","locations":[{"start":{"line":8,"column":4},"end":{"line":10,"column":null}},{"start":{"line":8,"column":4},"end":{"line":10,"column":null}}]}},"s":{"0":1,"1":1,"2":0,"3":0,"4":0,"5":0,"6":1},"f":{"0":0},"b":{"0":[0,0],"1":[0,0],"2":[0,0],"3":[0,0]}}
,"/home/joel/Projects/express-validator/src/validators/email.ts": {"path":"/home/joel/Projects/express-validator/src/validators/email.ts","statementMap":{"0":{"start":{"line":3,"column":23},"end":{"line":3,"column":57}},"1":{"start":{"line":4,"column":19},"end":{"line":4,"column":171}},"2":{"start":{"line":7,"column":20},"end":{"line":7,"column":94}},"3":{"start":{"line":8,"column":18},"end":{"line":8,"column":82}},"4":{"start":{"line":9,"column":4},"end":{"line":11,"column":null}},"5":{"start":{"line":10,"column":8},"end":{"line":10,"column":null}},"6":{"start":{"line":12,"column":4},"end":{"line":12,"column":10}},"7":{"start":{"line":6,"column":0},"end":{"line":6,"column":7}}},"fnMap":{"0":{"name":"emailValidator","decl":{"start":{"line":6,"column":22},"end":{"line":6,"column":36}},"loc":{"start":{"line":6,"column":77},"end":{"line":13,"column":1}}}},"branchMap":{"0":{"loc":{"start":{"line":7,"column":47},"end":{"line":7,"column":61}},"type":"cond-expr","locations":[{"start":{"line":7,"column":47},"end":{"line":7,"column":61}},{"start":{"line":7,"column":64},"end":{"line":7,"column":94}}]},"1":{"loc":{"start":{"line":7,"column":76},"end":{"line":7,"column":80}},"type":"cond-expr","locations":[{"start":{"line":7,"column":76},"end":{"line":7,"column":80}},{"start":{"line":7,"column":80},"end":{"line":7,"column":94}}]},"2":{"loc":{"start":{"line":7,"column":64},"end":{"line":7,"column":80}},"type":"binary-expr","locations":[{"start":{"line":7,"column":64},"end":{"line":7,"column":80}},{"start":{"line":7,"column":76},"end":{"line":7,"column":80}}]},"3":{"loc":{"start":{"line":8,"column":45},"end":{"line":8,"column":55}},"type":"cond-expr","locations":[{"start":{"line":8,"column":45},"end":{"line":8,"column":55}},{"start":{"line":8,"column":58},"end":{"line":8,"column":82}}]},"4":{"loc":{"start":{"line":8,"column":68},"end":{"line":8,"column":72}},"type":"cond-expr","locations":[{"start":{"line":8,"column":68},"end":{"line":8,"column":72}},{"start":{"line":8,"column":72},"end":{"line":8,"column":82}}]},"5":{"loc":{"start":{"line":8,"column":58},"end":{"line":8,"column":72}},"type":"binary-expr","locations":[{"start":{"line":8,"column":58},"end":{"line":8,"column":72}},{"start":{"line":8,"column":68},"end":{"line":8,"column":72}}]},"6":{"loc":{"start":{"line":9,"column":4},"end":{"line":11,"column":null}},"type":"if","locations":[{"start":{"line":9,"column":4},"end":{"line":11,"column":null}},{"start":{"line":9,"column":4},"end":{"line":11,"column":null}}]}},"s":{"0":1,"1":1,"2":0,"3":0,"4":0,"5":0,"6":0,"7":1},"f":{"0":0},"b":{"0":[0,0],"1":[0,0],"2":[0,0],"3":[0,0],"4":[0,0],"5":[0,0],"6":[0,0]}}
,"/home/joel/Projects/express-validator/src/validators/max.ts": {"path":"/home/joel/Projects/express-validator/src/validators/max.ts","statementMap":{"0":{"start":{"line":3,"column":23},"end":{"line":3,"column":81}},"1":{"start":{"line":3,"column":42},"end":{"line":3,"column":81}},"2":{"start":{"line":6,"column":20},"end":{"line":6,"column":57}},"3":{"start":{"line":8,"column":4},"end":{"line":10,"column":null}},"4":{"start":{"line":9,"column":8},"end":{"line":9,"column":null}},"5":{"start":{"line":12,"column":4},"end":{"line":14,"column":null}},"6":{"start":{"line":13,"column":8},"end":{"line":13,"column":null}},"7":{"start":{"line":16,"column":4},"end":{"line":16,"column":10}},"8":{"start":{"line":5,"column":0},"end":{"line":5,"column":7}}},"fnMap":{"0":{"name":"(anonymous_0)","decl":{"start":{"line":3,"column":23},"end":{"line":3,"column":24}},"loc":{"start":{"line":3,"column":42},"end":{"line":3,"column":81}}},"1":{"name":"maxValidator","decl":{"start":{"line":5,"column":22},"end":{"line":5,"column":34}},"loc":{"start":{"line":5,"column":70},"end":{"line":17,"column":1}}}},"branchMap":{"0":{"loc":{"start":{"line":6,"column":32},"end":{"line":6,"column":36}},"type":"cond-expr","locations":[{"start":{"line":6,"column":32},"end":{"line":6,"column":36}},{"start":{"line":6,"column":36},"end":{"line":6,"column":57}}]},"1":{"loc":{"start":{"line":6,"column":20},"end":{"line":6,"column":36}},"type":"binary-expr","locations":[{"start":{"line":6,"column":20},"end":{"line":6,"column":36}},{"start":{"line":6,"column":32},"end":{"line":6,"column":36}}]},"2":{"loc":{"start":{"line":8,"column":4},"end":{"line":10,"column":null}},"type":"if","locations":[{"start":{"line":8,"column":4},"end":{"line":10,"column":null}},{"start":{"line":8,"column":4},"end":{"line":10,"column":null}}]},"3":{"loc":{"start":{"line":8,"column":7},"end":{"line":8,"column":32}},"type":"binary-expr","locations":[{"start":{"line":8,"column":7},"end":{"line":8,"column":32}},{"start":{"line":8,"column":36},"end":{"line":8,"column":54}}]},"4":{"loc":{"start":{"line":12,"column":4},"end":{"line":14,"column":null}},"type":"if","locations":[{"start":{"line":12,"column":4},"end":{"line":14,"column":null}},{"start":{"line":12,"column":4},"end":{"line":14,"column":null}}]},"5":{"loc":{"start":{"line":12,"column":7},"end":{"line":12,"column":32}},"type":"binary-expr","locations":[{"start":{"line":12,"column":7},"end":{"line":12,"column":32}},{"start":{"line":12,"column":36},"end":{"line":12,"column":61}}]}},"s":{"0":1,"1":0,"2":0,"3":0,"4":0,"5":0,"6":0,"7":0,"8":1},"f":{"0":0,"1":0},"b":{"0":[0,0],"1":[0,0],"2":[0,0],"3":[0,0],"4":[0,0],"5":[0,0]}}
,"/home/joel/Projects/express-validator/src/validators/min.ts": {"path":"/home/joel/Projects/express-validator/src/validators/min.ts","statementMap":{"0":{"start":{"line":3,"column":23},"end":{"line":3,"column":84}},"1":{"start":{"line":3,"column":42},"end":{"line":3,"column":84}},"2":{"start":{"line":6,"column":20},"end":{"line":6,"column":57}},"3":{"start":{"line":8,"column":4},"end":{"line":10,"column":null}},"4":{"start":{"line":9,"column":8},"end":{"line":9,"column":null}},"5":{"start":{"line":12,"column":4},"end":{"line":14,"column":null}},"6":{"start":{"line":13,"column":8},"end":{"line":13,"column":null}},"7":{"start":{"line":16,"column":4},"end":{"line":16,"column":10}},"8":{"start":{"line":5,"column":0},"end":{"line":5,"column":7}}},"fnMap":{"0":{"name":"(anonymous_0)","decl":{"start":{"line":3,"column":23},"end":{"line":3,"column":24}},"loc":{"start":{"line":3,"column":42},"end":{"line":3,"column":84}}},"1":{"name":"minValidator","decl":{"start":{"line":5,"column":22},"end":{"line":5,"column":34}},"loc":{"start":{"line":5,"column":70},"end":{"line":17,"column":1}}}},"branchMap":{"0":{"loc":{"start":{"line":6,"column":32},"end":{"line":6,"column":36}},"type":"cond-expr","locations":[{"start":{"line":6,"column":32},"end":{"line":6,"column":36}},{"start":{"line":6,"column":36},"end":{"line":6,"column":57}}]},"1":{"loc":{"start":{"line":6,"column":20},"end":{"line":6,"column":36}},"type":"binary-expr","locations":[{"start":{"line":6,"column":20},"end":{"line":6,"column":36}},{"start":{"line":6,"column":32},"end":{"line":6,"column":36}}]},"2":{"loc":{"start":{"line":8,"column":4},"end":{"line":10,"column":null}},"type":"if","locations":[{"start":{"line":8,"column":4},"end":{"line":10,"column":null}},{"start":{"line":8,"column":4},"end":{"line":10,"column":null}}]},"3":{"loc":{"start":{"line":8,"column":7},"end":{"line":8,"column":32}},"type":"binary-expr","locations":[{"start":{"line":8,"column":7},"end":{"line":8,"column":32}},{"start":{"line":8,"column":36},"end":{"line":8,"column":54}}]},"4":{"loc":{"start":{"line":12,"column":4},"end":{"line":14,"column":null}},"type":"if","locations":[{"start":{"line":12,"column":4},"end":{"line":14,"column":null}},{"start":{"line":12,"column":4},"end":{"line":14,"column":null}}]},"5":{"loc":{"start":{"line":12,"column":7},"end":{"line":12,"column":32}},"type":"binary-expr","locations":[{"start":{"line":12,"column":7},"end":{"line":12,"column":32}},{"start":{"line":12,"column":36},"end":{"line":12,"column":61}}]}},"s":{"0":1,"1":0,"2":0,"3":0,"4":0,"5":0,"6":0,"7":0,"8":1},"f":{"0":0,"1":0},"b":{"0":[0,0],"1":[0,0],"2":[0,0],"3":[0,0],"4":[0,0],"5":[0,0]}}
,"/home/joel/Projects/express-validator/src/validators/nullable.ts": {"path":"/home/joel/Projects/express-validator/src/validators/nullable.ts","statementMap":{"0":{"start":{"line":4,"column":4},"end":{"line":6,"column":null}},"1":{"start":{"line":5,"column":8},"end":{"line":5,"column":null}},"2":{"start":{"line":7,"column":4},"end":{"line":7,"column":10}},"3":{"start":{"line":3,"column":0},"end":{"line":3,"column":7}}},"fnMap":{"0":{"name":"nullableValidator","decl":{"start":{"line":3,"column":22},"end":{"line":3,"column":39}},"loc":{"start":{"line":3,"column":84},"end":{"line":8,"column":1}}}},"branchMap":{"0":{"loc":{"start":{"line":4,"column":4},"end":{"line":6,"column":null}},"type":"if","locations":[{"start":{"line":4,"column":4},"end":{"line":6,"column":null}},{"start":{"line":4,"column":4},"end":{"line":6,"column":null}}]}},"s":{"0":2,"1":1,"2":1,"3":1},"f":{"0":2},"b":{"0":[1,1]}}
,"/home/joel/Projects/express-validator/src/validators/number.ts": {"path":"/home/joel/Projects/express-validator/src/validators/number.ts","statementMap":{"0":{"start":{"line":3,"column":23},"end":{"line":3,"column":53}},"1":{"start":{"line":6,"column":20},"end":{"line":6,"column":94}},"2":{"start":{"line":7,"column":4},"end":{"line":9,"column":null}},"3":{"start":{"line":8,"column":8},"end":{"line":8,"column":null}},"4":{"start":{"line":10,"column":4},"end":{"line":10,"column":10}},"5":{"start":{"line":5,"column":0},"end":{"line":5,"column":7}}},"fnMap":{"0":{"name":"numberValidator","decl":{"start":{"line":5,"column":22},"end":{"line":5,"column":37}},"loc":{"start":{"line":5,"column":76},"end":{"line":11,"column":1}}}},"branchMap":{"0":{"loc":{"start":{"line":6,"column":47},"end":{"line":6,"column":61}},"type":"cond-expr","locations":[{"start":{"line":6,"column":47},"end":{"line":6,"column":61}},{"start":{"line":6,"column":64},"end":{"line":6,"column":94}}]},"1":{"loc":{"start":{"line":6,"column":76},"end":{"line":6,"column":80}},"type":"cond-expr","locations":[{"start":{"line":6,"column":76},"end":{"line":6,"column":80}},{"start":{"line":6,"column":80},"end":{"line":6,"column":94}}]},"2":{"loc":{"start":{"line":6,"column":64},"end":{"line":6,"column":80}},"type":"binary-expr","locations":[{"start":{"line":6,"column":64},"end":{"line":6,"column":80}},{"start":{"line":6,"column":76},"end":{"line":6,"column":80}}]},"3":{"loc":{"start":{"line":7,"column":4},"end":{"line":9,"column":null}},"type":"if","locations":[{"start":{"line":7,"column":4},"end":{"line":9,"column":null}},{"start":{"line":7,"column":4},"end":{"line":9,"column":null}}]}},"s":{"0":1,"1":0,"2":0,"3":0,"4":0,"5":1},"f":{"0":0},"b":{"0":[0,0],"1":[0,0],"2":[0,0],"3":[0,0]}}
,"/home/joel/Projects/express-validator/src/validators/required.ts": {"path":"/home/joel/Projects/express-validator/src/validators/required.ts","statementMap":{"0":{"start":{"line":3,"column":23},"end":{"line":3,"column":48}},"1":{"start":{"line":7,"column":20},"end":{"line":7,"column":94}},"2":{"start":{"line":9,"column":4},"end":{"line":11,"column":null}},"3":{"start":{"line":10,"column":8},"end":{"line":10,"column":null}},"4":{"start":{"line":13,"column":4},"end":{"line":15,"column":null}},"5":{"start":{"line":14,"column":6},"end":{"line":14,"column":null}},"6":{"start":{"line":17,"column":4},"end":{"line":17,"column":10}},"7":{"start":{"line":5,"column":0},"end":{"line":5,"column":7}}},"fnMap":{"0":{"name":"requiredValidator","decl":{"start":{"line":5,"column":22},"end":{"line":5,"column":39}},"loc":{"start":{"line":5,"column":83},"end":{"line":18,"column":1}}}},"branchMap":{"0":{"loc":{"start":{"line":7,"column":47},"end":{"line":7,"column":61}},"type":"cond-expr","locations":[{"start":{"line":7,"column":47},"end":{"line":7,"column":61}},{"start":{"line":7,"column":64},"end":{"line":7,"column":94}}]},"1":{"loc":{"start":{"line":7,"column":76},"end":{"line":7,"column":80}},"type":"cond-expr","locations":[{"start":{"line":7,"column":76},"end":{"line":7,"column":80}},{"start":{"line":7,"column":80},"end":{"line":7,"column":94}}]},"2":{"loc":{"start":{"line":7,"column":64},"end":{"line":7,"column":80}},"type":"binary-expr","locations":[{"start":{"line":7,"column":64},"end":{"line":7,"column":80}},{"start":{"line":7,"column":76},"end":{"line":7,"column":80}}]},"3":{"loc":{"start":{"line":9,"column":4},"end":{"line":11,"column":null}},"type":"if","locations":[{"start":{"line":9,"column":4},"end":{"line":11,"column":null}},{"start":{"line":9,"column":4},"end":{"line":11,"column":null}}]},"4":{"loc":{"start":{"line":13,"column":4},"end":{"line":15,"column":null}},"type":"if","locations":[{"start":{"line":13,"column":4},"end":{"line":15,"column":null}},{"start":{"line":13,"column":4},"end":{"line":15,"column":null}}]},"5":{"loc":{"start":{"line":13,"column":7},"end":{"line":13,"column":32}},"type":"binary-expr","locations":[{"start":{"line":13,"column":7},"end":{"line":13,"column":32}},{"start":{"line":13,"column":36},"end":{"line":13,"column":47}}]}},"s":{"0":1,"1":1,"2":1,"3":1,"4":0,"5":0,"6":0,"7":1},"f":{"0":1},"b":{"0":[1,0],"1":[0,0],"2":[0,0],"3":[1,0],"4":[0,0],"5":[0,0]}}
,"/home/joel/Projects/express-validator/src/validators/string.ts": {"path":"/home/joel/Projects/express-validator/src/validators/string.ts","statementMap":{"0":{"start":{"line":3,"column":23},"end":{"line":3,"column":53}},"1":{"start":{"line":6,"column":20},"end":{"line":6,"column":94}},"2":{"start":{"line":8,"column":4},"end":{"line":10,"column":null}},"3":{"start":{"line":9,"column":8},"end":{"line":9,"column":null}},"4":{"start":{"line":12,"column":4},"end":{"line":12,"column":10}},"5":{"start":{"line":5,"column":0},"end":{"line":5,"column":7}}},"fnMap":{"0":{"name":"stringValidator","decl":{"start":{"line":5,"column":22},"end":{"line":5,"column":37}},"loc":{"start":{"line":5,"column":76},"end":{"line":13,"column":1}}}},"branchMap":{"0":{"loc":{"start":{"line":6,"column":47},"end":{"line":6,"column":61}},"type":"cond-expr","locations":[{"start":{"line":6,"column":47},"end":{"line":6,"column":61}},{"start":{"line":6,"column":64},"end":{"line":6,"column":94}}]},"1":{"loc":{"start":{"line":6,"column":76},"end":{"line":6,"column":80}},"type":"cond-expr","locations":[{"start":{"line":6,"column":76},"end":{"line":6,"column":80}},{"start":{"line":6,"column":80},"end":{"line":6,"column":94}}]},"2":{"loc":{"start":{"line":6,"column":64},"end":{"line":6,"column":80}},"type":"binary-expr","locations":[{"start":{"line":6,"column":64},"end":{"line":6,"column":80}},{"start":{"line":6,"column":76},"end":{"line":6,"column":80}}]},"3":{"loc":{"start":{"line":8,"column":4},"end":{"line":10,"column":null}},"type":"if","locations":[{"start":{"line":8,"column":4},"end":{"line":10,"column":null}},{"start":{"line":8,"column":4},"end":{"line":10,"column":null}}]}},"s":{"0":1,"1":0,"2":0,"3":0,"4":0,"5":1},"f":{"0":0},"b":{"0":[0,0],"1":[0,0],"2":[0,0],"3":[0,0]}}
}
