TN:
SF:src/middleware.ts
FN:32,(anonymous_1)
FN:33,(anonymous_2)
FN:65,(anonymous_3)
FN:66,(anonymous_4)
FN:73,(anonymous_5)
FNF:5
FNH:4
FNDA:1,(anonymous_1)
FNDA:1,(anonymous_2)
FNDA:3,(anonymous_3)
FNDA:1,(anonymous_4)
FNDA:0,(anonymous_5)
DA:1,1
DA:9,1
DA:10,1
DA:11,1
DA:12,1
DA:13,1
DA:14,1
DA:15,1
DA:16,1
DA:17,1
DA:18,1
DA:20,1
DA:32,1
DA:33,1
DA:34,1
DA:36,1
DA:37,4
DA:38,4
DA:39,5
DA:40,5
DA:42,5
DA:43,0
DA:44,0
DA:47,5
DA:48,5
DA:49,2
DA:50,1
DA:53,3
DA:54,3
DA:60,1
DA:61,1
DA:65,1
DA:66,3
DA:69,1
DA:70,1
DA:71,1
DA:73,1
DA:74,0
DA:75,0
DA:80,0
LF:40
LH:35
BRDA:39,0,0,5
BRDA:39,0,1,0
BRDA:42,1,0,0
BRDA:42,1,1,5
BRDA:49,2,0,1
BRDA:49,2,1,1
BRDA:49,3,0,1
BRDA:49,3,1,1
BRDA:49,4,0,2
BRDA:49,4,1,2
BRDA:74,5,0,0
BRDA:74,5,1,0
BRDA:74,6,0,0
BRDA:74,6,1,0
BRF:14
BRH:8
end_of_record
TN:
SF:src/types.ts
FNF:0
FNH:0
DA:6,1
DA:9,1
DA:12,1
DA:15,1
DA:18,1
DA:21,1
DA:24,1
DA:27,1
DA:30,1
LF:9
LH:9
BRF:0
BRH:0
end_of_record
TN:
SF:src/validators/boolean.ts
FN:7,booleanValidator
FNF:1
FNH:1
FNDA:2,booleanValidator
DA:3,1
DA:5,1
DA:7,1
DA:8,2
DA:9,2
DA:10,2
DA:12,0
LF:7
LH:6
BRDA:8,0,0,2
BRDA:8,0,1,0
BRDA:8,1,0,0
BRDA:8,1,1,0
BRDA:8,2,0,0
BRDA:8,2,1,0
BRDA:9,3,0,2
BRDA:9,3,1,0
BRF:8
BRH:2
end_of_record
TN:
SF:src/validators/date.ts
FN:6,dateValidator
FNF:1
FNH:0
FNDA:0,dateValidator
DA:2,1
DA:4,1
DA:6,1
DA:7,0
DA:8,0
DA:9,0
DA:11,0
LF:7
LH:3
BRDA:7,0,0,0
BRDA:7,0,1,0
BRDA:7,1,0,0
BRDA:7,1,1,0
BRDA:7,2,0,0
BRDA:7,2,1,0
BRDA:8,3,0,0
BRDA:8,3,1,0
BRF:8
BRH:0
end_of_record
TN:
SF:src/validators/email.ts
FN:6,emailValidator
FNF:1
FNH:0
FNDA:0,emailValidator
DA:3,1
DA:4,1
DA:6,1
DA:7,0
DA:8,0
DA:9,0
DA:10,0
DA:12,0
LF:8
LH:3
BRDA:7,0,0,0
BRDA:7,0,1,0
BRDA:7,1,0,0
BRDA:7,1,1,0
BRDA:7,2,0,0
BRDA:7,2,1,0
BRDA:8,3,0,0
BRDA:8,3,1,0
BRDA:8,4,0,0
BRDA:8,4,1,0
BRDA:8,5,0,0
BRDA:8,5,1,0
BRDA:9,6,0,0
BRDA:9,6,1,0
BRF:14
BRH:0
end_of_record
TN:
SF:src/validators/max.ts
FN:3,(anonymous_0)
FN:5,maxValidator
FNF:2
FNH:0
FNDA:0,(anonymous_0)
FNDA:0,maxValidator
DA:3,1
DA:5,1
DA:6,0
DA:8,0
DA:9,0
DA:12,0
DA:13,0
DA:16,0
LF:8
LH:2
BRDA:6,0,0,0
BRDA:6,0,1,0
BRDA:6,1,0,0
BRDA:6,1,1,0
BRDA:8,2,0,0
BRDA:8,2,1,0
BRDA:8,3,0,0
BRDA:8,3,1,0
BRDA:12,4,0,0
BRDA:12,4,1,0
BRDA:12,5,0,0
BRDA:12,5,1,0
BRF:12
BRH:0
end_of_record
TN:
SF:src/validators/min.ts
FN:3,(anonymous_0)
FN:5,minValidator
FNF:2
FNH:0
FNDA:0,(anonymous_0)
FNDA:0,minValidator
DA:3,1
DA:5,1
DA:6,0
DA:8,0
DA:9,0
DA:12,0
DA:13,0
DA:16,0
LF:8
LH:2
BRDA:6,0,0,0
BRDA:6,0,1,0
BRDA:6,1,0,0
BRDA:6,1,1,0
BRDA:8,2,0,0
BRDA:8,2,1,0
BRDA:8,3,0,0
BRDA:8,3,1,0
BRDA:12,4,0,0
BRDA:12,4,1,0
BRDA:12,5,0,0
BRDA:12,5,1,0
BRF:12
BRH:0
end_of_record
TN:
SF:src/validators/nullable.ts
FN:3,nullableValidator
FNF:1
FNH:1
FNDA:2,nullableValidator
DA:3,1
DA:4,2
DA:5,1
DA:7,1
LF:4
LH:4
BRDA:4,0,0,1
BRDA:4,0,1,1
BRF:2
BRH:2
end_of_record
TN:
SF:src/validators/number.ts
FN:5,numberValidator
FNF:1
FNH:0
FNDA:0,numberValidator
DA:3,1
DA:5,1
DA:6,0
DA:7,0
DA:8,0
DA:10,0
LF:6
LH:2
BRDA:6,0,0,0
BRDA:6,0,1,0
BRDA:6,1,0,0
BRDA:6,1,1,0
BRDA:6,2,0,0
BRDA:6,2,1,0
BRDA:7,3,0,0
BRDA:7,3,1,0
BRF:8
BRH:0
end_of_record
TN:
SF:src/validators/required.ts
FN:5,requiredValidator
FNF:1
FNH:1
FNDA:1,requiredValidator
DA:3,1
DA:5,1
DA:7,1
DA:9,1
DA:10,1
DA:13,0
DA:14,0
DA:17,0
LF:8
LH:5
BRDA:7,0,0,1
BRDA:7,0,1,0
BRDA:7,1,0,0
BRDA:7,1,1,0
BRDA:7,2,0,0
BRDA:7,2,1,0
BRDA:9,3,0,1
BRDA:9,3,1,0
BRDA:13,4,0,0
BRDA:13,4,1,0
BRDA:13,5,0,0
BRDA:13,5,1,0
BRF:12
BRH:2
end_of_record
TN:
SF:src/validators/string.ts
FN:5,stringValidator
FNF:1
FNH:0
FNDA:0,stringValidator
DA:3,1
DA:5,1
DA:6,0
DA:8,0
DA:9,0
DA:12,0
LF:6
LH:2
BRDA:6,0,0,0
BRDA:6,0,1,0
BRDA:6,1,0,0
BRDA:6,1,1,0
BRDA:6,2,0,0
BRDA:6,2,1,0
BRDA:8,3,0,0
BRDA:8,3,1,0
BRF:8
BRH:0
end_of_record
